<?xml version="1.0" encoding="UTF-8"?>
<testng-results ignored="0" total="1" passed="1" failed="0" skipped="0">
  <reporter-output>
  </reporter-output>
  <suite started-at="2023-10-28T20:08:35 IST" name="Default suite" finished-at="2023-10-28T20:08:43 IST" duration-ms="8046">
    <groups>
    </groups>
    <test started-at="2023-10-28T20:08:35 IST" name="Default test" finished-at="2023-10-28T20:08:43 IST" duration-ms="8046">
      <class name="page.validd">
        <test-method is-config="true" signature="set()[pri:0, instance:page.validd@639c2c1d]" started-at="2023-10-28T20:08:35 IST" name="set" finished-at="2023-10-28T20:08:43 IST" duration-ms="7733" status="PASS">
          <reporter-output>
          </reporter-output>
        </test-method> <!-- set -->
        <test-method signature="linkout()[pri:0, instance:page.validd@639c2c1d]" started-at="2023-10-28T20:08:43 IST" name="linkout" finished-at="2023-10-28T20:08:43 IST" duration-ms="166" status="PASS">
          <reporter-output>
          </reporter-output>
        </test-method> <!-- linkout -->
      </class> <!-- page.validd -->
    </test> <!-- Default test -->
  </suite> <!-- Default suite -->
</testng-results>
